# JRE version: Java(TM) SE Runtime Environment (8.0_331-b09) (build 1.8.0_331-b09)
# Java VM: Java HotSpot(TM) 64-Bit Server VM (25.331-b09 mixed mode windows-amd64 compressed oops)
Heap:
 PSYoungGen      total 373760K, used 247735K [0x0000000776180000, 0x0000000790780000, 0x00000007c0000000)
  eden space 333312K, 70% used [0x0000000776180000,0x000000078470fbe0,0x000000078a700000)
  from space 40448K, 31% used [0x000000078a700000,0x000000078b35e210,0x000000078ce80000)
  to   space 23552K, 0% used [0x000000078ce80000,0x000000078ce80000,0x000000078e580000)
 ParOldGen       total 102912K, used 102668K [0x00000006e2400000, 0x00000006e8880000, 0x0000000776180000)
  object space 102912K, 99% used [0x00000006e2400000,0x00000006e8843288,0x00000006e8880000)
 Metaspace       used 47237K, capacity 49860K, committed 50128K, reserved 1093632K
  class space    used 6005K, capacity 6515K, committed 6608K, reserved 1048576K
GC Heap History (10 events):
Event: 3.107 GC heap before
{Heap before GC invocations=8 (full 2):
 PSYoungGen      total 221184K, used 11846K [0x0000000776180000, 0x0000000784b00000, 0x00000007c0000000)
  eden space 208896K, 0% used [0x0000000776180000,0x0000000776180000,0x0000000782d80000)
  from space 12288K, 96% used [0x0000000783f00000,0x0000000784a91ae8,0x0000000784b00000)
  to   space 14848K, 0% used [0x0000000782e00000,0x0000000782e00000,0x0000000783c80000)
 ParOldGen       total 71680K, used 11454K [0x00000006e2400000, 0x00000006e6a00000, 0x0000000776180000)
  object space 71680K, 15% used [0x00000006e2400000,0x00000006e2f2fb38,0x00000006e6a00000)
 Metaspace       used 33926K, capacity 35932K, committed 36048K, reserved 1081344K
  class space    used 4616K, capacity 5018K, committed 5072K, reserved 1048576K
Event: 3.141 GC heap after
Heap after GC invocations=8 (full 2):
 PSYoungGen      total 221184K, used 0K [0x0000000776180000, 0x0000000784b00000, 0x00000007c0000000)
  eden space 208896K, 0% used [0x0000000776180000,0x0000000776180000,0x0000000782d80000)
  from space 12288K, 0% used [0x0000000783f00000,0x0000000783f00000,0x0000000784b00000)
  to   space 14848K, 0% used [0x0000000782e00000,0x0000000782e00000,0x0000000783c80000)
 ParOldGen       total 102912K, used 17165K [0x00000006e2400000, 0x00000006e8880000, 0x0000000776180000)
  object space 102912K, 16% used [0x00000006e2400000,0x00000006e34c36a8,0x00000006e8880000)
 Metaspace       used 33926K, capacity 35932K, committed 36048K, reserved 1081344K
  class space    used 4616K, capacity 5018K, committed 5072K, reserved 1048576K
}
Event: 685.962 GC heap before
{Heap before GC invocations=9 (full 2):
 PSYoungGen      total 221184K, used 208896K [0x0000000776180000, 0x0000000784b00000, 0x00000007c0000000)
  eden space 208896K, 100% used [0x0000000776180000,0x0000000782d80000,0x0000000782d80000)
  from space 12288K, 0% used [0x0000000783f00000,0x0000000783f00000,0x0000000784b00000)
  to   space 14848K, 0% used [0x0000000782e00000,0x0000000782e00000,0x0000000783c80000)
 ParOldGen       total 102912K, used 17165K [0x00000006e2400000, 0x00000006e8880000, 0x0000000776180000)
  object space 102912K, 16% used [0x00000006e2400000,0x00000006e34c36a8,0x00000006e8880000)
 Metaspace       used 45407K, capacity 48084K, committed 48336K, reserved 1091584K
  class space    used 5996K, capacity 6511K, committed 6608K, reserved 1048576K
Event: 686.822 GC heap after
Heap after GC invocations=9 (full 2):
 PSYoungGen      total 224256K, used 14841K [0x0000000776180000, 0x000000078e580000, 0x00000007c0000000)
  eden space 209408K, 0% used [0x0000000776180000,0x0000000776180000,0x0000000782e00000)
  from space 14848K, 99% used [0x0000000782e00000,0x0000000783c7e7d0,0x0000000783c80000)
  to   space 23552K, 0% used [0x000000078ce80000,0x000000078ce80000,0x000000078e580000)
 ParOldGen       total 102912K, used 30444K [0x00000006e2400000, 0x00000006e8880000, 0x0000000776180000)
  object space 102912K, 29% used [0x00000006e2400000,0x00000006e41bb328,0x00000006e8880000)
 Metaspace       used 45407K, capacity 48084K, committed 48336K, reserved 1091584K
  class space    used 5996K, capacity 6511K, committed 6608K, reserved 1048576K
}
Event: 687.382 GC heap before
{Heap before GC invocations=10 (full 2):
 PSYoungGen      total 224256K, used 224249K [0x0000000776180000, 0x000000078e580000, 0x00000007c0000000)
  eden space 209408K, 100% used [0x0000000776180000,0x0000000782e00000,0x0000000782e00000)
  from space 14848K, 99% used [0x0000000782e00000,0x0000000783c7e7d0,0x0000000783c80000)
  to   space 23552K, 0% used [0x000000078ce80000,0x000000078ce80000,0x000000078e580000)
 ParOldGen       total 102912K, used 30444K [0x00000006e2400000, 0x00000006e8880000, 0x0000000776180000)
  object space 102912K, 29% used [0x00000006e2400000,0x00000006e41bb328,0x00000006e8880000)
 Metaspace       used 46274K, capacity 49014K, committed 49104K, reserved 1091584K
  class space    used 6014K, capacity 6534K, committed 6608K, reserved 1048576K
Event: 687.406 GC heap after
Heap after GC invocations=10 (full 2):
 PSYoungGen      total 356864K, used 23539K [0x0000000776180000, 0x0000000790780000, 0x00000007c0000000)
  eden space 333312K, 0% used [0x0000000776180000,0x0000000776180000,0x000000078a700000)
  from space 23552K, 99% used [0x000000078ce80000,0x000000078e57cfc0,0x000000078e580000)
  to   space 40448K, 0% used [0x000000078a700000,0x000000078a700000,0x000000078ce80000)
 ParOldGen       total 102912K, used 60761K [0x00000006e2400000, 0x00000006e8880000, 0x0000000776180000)
  object space 102912K, 59% used [0x00000006e2400000,0x00000006e5f56490,0x00000006e8880000)
 Metaspace       used 46274K, capacity 49014K, committed 49104K, reserved 1091584K
  class space    used 6014K, capacity 6534K, committed 6608K, reserved 1048576K
}
Event: 689.986 GC heap before
{Heap before GC invocations=11 (full 2):
 PSYoungGen      total 356864K, used 356851K [0x0000000776180000, 0x0000000790780000, 0x00000007c0000000)
  eden space 333312K, 100% used [0x0000000776180000,0x000000078a700000,0x000000078a700000)
  from space 23552K, 99% used [0x000000078ce80000,0x000000078e57cfc0,0x000000078e580000)
  to   space 40448K, 0% used [0x000000078a700000,0x000000078a700000,0x000000078ce80000)
 ParOldGen       total 102912K, used 60761K [0x00000006e2400000, 0x00000006e8880000, 0x0000000776180000)
  object space 102912K, 59% used [0x00000006e2400000,0x00000006e5f56490,0x00000006e8880000)
 Metaspace       used 47270K, capacity 49974K, committed 50128K, reserved 1093632K
  class space    used 6015K, capacity 6534K, committed 6608K, reserved 1048576K
Event: 690.114 GC heap after
Heap after GC invocations=11 (full 2):
 PSYoungGen      total 373760K, used 40435K [0x0000000776180000, 0x0000000790780000, 0x00000007c0000000)
  eden space 333312K, 0% used [0x0000000776180000,0x0000000776180000,0x000000078a700000)
  from space 40448K, 99% used [0x000000078a700000,0x000000078ce7cf80,0x000000078ce80000)
  to   space 23552K, 0% used [0x000000078ce80000,0x000000078ce80000,0x000000078e580000)
 ParOldGen       total 102912K, used 88579K [0x00000006e2400000, 0x00000006e8880000, 0x0000000776180000)
  object space 102912K, 86% used [0x00000006e2400000,0x00000006e7a80e58,0x00000006e8880000)
 Metaspace       used 47270K, capacity 49974K, committed 50128K, reserved 1093632K
  class space    used 6015K, capacity 6534K, committed 6608K, reserved 1048576K
}
Event: 690.114 GC heap before
{Heap before GC invocations=12 (full 3):
 PSYoungGen      total 373760K, used 40435K [0x0000000776180000, 0x0000000790780000, 0x00000007c0000000)
  eden space 333312K, 0% used [0x0000000776180000,0x0000000776180000,0x000000078a700000)
  from space 40448K, 99% used [0x000000078a700000,0x000000078ce7cf80,0x000000078ce80000)
  to   space 23552K, 0% used [0x000000078ce80000,0x000000078ce80000,0x000000078e580000)
 ParOldGen       total 102912K, used 88579K [0x00000006e2400000, 0x00000006e8880000, 0x0000000776180000)
  object space 102912K, 86% used [0x00000006e2400000,0x00000006e7a80e58,0x00000006e8880000)
 Metaspace       used 47270K, capacity 49974K, committed 50128K, reserved 1093632K
  class space    used 6015K, capacity 6534K, committed 6608K, reserved 1048576K
Event: 690.528 GC heap after
Heap after GC invocations=12 (full 3):
 PSYoungGen      total 373760K, used 12664K [0x0000000776180000, 0x0000000790780000, 0x00000007c0000000)
  eden space 333312K, 0% used [0x0000000776180000,0x0000000776180000,0x000000078a700000)
  from space 40448K, 31% used [0x000000078a700000,0x000000078b35e210,0x000000078ce80000)
  to   space 23552K, 0% used [0x000000078ce80000,0x000000078ce80000,0x000000078e580000)
 ParOldGen       total 102912K, used 102668K [0x00000006e2400000, 0x00000006e8880000, 0x0000000776180000)
  object space 102912K, 99% used [0x00000006e2400000,0x00000006e8843288,0x00000006e8880000)
 Metaspace       used 47235K, capacity 49860K, committed 50128K, reserved 1093632K
  class space    used 6004K, capacity 6515K, committed 6608K, reserved 1048576K
}

