<?xml version="1.0" encoding="UTF-8"?>
<testsuite xmlns:xsi="http://www.w3.org/2001/XMLSchema-instance" xsi:noNamespaceSchemaLocation="https://maven.apache.org/surefire/maven-surefire-plugin/xsd/surefire-test-report.xsd" name="com.high_con.grad.controller.AdminControllerTest" time="0.02" tests="3" errors="0" skipped="0" failures="0">
  <properties>
[...]
</properties>
  <testcase name="feedmange" classname="com.high_con.grad.controller.AdminControllerTest" time="0.014"/>
  <testcase name="user_manage" classname="com.high_con.grad.controller.AdminControllerTest" time="0"/>
  <testcase name="coursemange" classname="com.high_con.grad.controller.AdminControllerTest" time="0"/>
</testsuite>