# JRE version: Java(TM) SE Runtime Environment (8.0_331-b09) (build 1.8.0_331-b09)
# Java VM: Java HotSpot(TM) 64-Bit Server VM (25.331-b09 mixed mode windows-amd64 compressed oops)
Heap:
 PSYoungGen      total 198144K, used 74442K [0x0000000776180000, 0x0000000785000000, 0x00000007c0000000)
  eden space 184832K, 33% used [0x0000000776180000,0x0000000779d384f8,0x0000000781600000)
  from space 13312K, 99% used [0x0000000781600000,0x00000007822fa320,0x0000000782300000)
  to   space 13824K, 0% used [0x0000000782300000,0x0000000782300000,0x0000000783080000)
 ParOldGen       total 92672K, used 26491K [0x00000006e2400000, 0x00000006e7e80000, 0x0000000776180000)
  object space 92672K, 28% used [0x00000006e2400000,0x00000006e3ddecb0,0x00000006e7e80000)
 Metaspace       used 45443K, capacity 48062K, committed 48216K, reserved 1091584K
  class space    used 5993K, capacity 6498K, committed 6528K, reserved 1048576K
GC Heap History (10 events):
Event: 2.287 GC heap before
{Heap before GC invocations=5 (full 1):
 PSYoungGen      total 66560K, used 57344K [0x0000000776180000, 0x000000077e380000, 0x00000007c0000000)
  eden space 57344K, 100% used [0x0000000776180000,0x0000000779980000,0x0000000779980000)
  from space 9216K, 0% used [0x0000000779980000,0x0000000779980000,0x000000077a280000)
  to   space 9216K, 0% used [0x000000077da80000,0x000000077da80000,0x000000077e380000)
 ParOldGen       total 74240K, used 6780K [0x00000006e2400000, 0x00000006e6c80000, 0x0000000776180000)
  object space 74240K, 9% used [0x00000006e2400000,0x00000006e2a9f340,0x00000006e6c80000)
 Metaspace       used 24128K, capacity 25244K, committed 25472K, reserved 1071104K
  class space    used 3311K, capacity 3588K, committed 3712K, reserved 1048576K
Event: 2.291 GC heap after
Heap after GC invocations=5 (full 1):
 PSYoungGen      total 111616K, used 7586K [0x0000000776180000, 0x000000077e200000, 0x00000007c0000000)
  eden space 103936K, 0% used [0x0000000776180000,0x0000000776180000,0x000000077c700000)
  from space 7680K, 98% used [0x000000077da80000,0x000000077e1e8870,0x000000077e200000)
  to   space 9216K, 0% used [0x000000077d000000,0x000000077d000000,0x000000077d900000)
 ParOldGen       total 74240K, used 6788K [0x00000006e2400000, 0x00000006e6c80000, 0x0000000776180000)
  object space 74240K, 9% used [0x00000006e2400000,0x00000006e2aa1340,0x00000006e6c80000)
 Metaspace       used 24128K, capacity 25244K, committed 25472K, reserved 1071104K
  class space    used 3311K, capacity 3588K, committed 3712K, reserved 1048576K
}
Event: 3.135 GC heap before
{Heap before GC invocations=6 (full 1):
 PSYoungGen      total 111616K, used 111522K [0x0000000776180000, 0x000000077e200000, 0x00000007c0000000)
  eden space 103936K, 100% used [0x0000000776180000,0x000000077c700000,0x000000077c700000)
  from space 7680K, 98% used [0x000000077da80000,0x000000077e1e8870,0x000000077e200000)
  to   space 9216K, 0% used [0x000000077d000000,0x000000077d000000,0x000000077d900000)
 ParOldGen       total 74240K, used 6788K [0x00000006e2400000, 0x00000006e6c80000, 0x0000000776180000)
  object space 74240K, 9% used [0x00000006e2400000,0x00000006e2aa1340,0x00000006e6c80000)
 Metaspace       used 33323K, capacity 35300K, committed 35416K, reserved 1079296K
  class space    used 4532K, capacity 4932K, committed 4992K, reserved 1048576K
Event: 3.142 GC heap after
Heap after GC invocations=6 (full 1):
 PSYoungGen      total 122368K, used 9184K [0x0000000776180000, 0x0000000783080000, 0x00000007c0000000)
  eden space 113152K, 0% used [0x0000000776180000,0x0000000776180000,0x000000077d000000)
  from space 9216K, 99% used [0x000000077d000000,0x000000077d8f8068,0x000000077d900000)
  to   space 13824K, 0% used [0x0000000782300000,0x0000000782300000,0x0000000783080000)
 ParOldGen       total 74240K, used 11909K [0x00000006e2400000, 0x00000006e6c80000, 0x0000000776180000)
  object space 74240K, 16% used [0x00000006e2400000,0x00000006e2fa1450,0x00000006e6c80000)
 Metaspace       used 33323K, capacity 35300K, committed 35416K, reserved 1079296K
  class space    used 4532K, capacity 4932K, committed 4992K, reserved 1048576K
}
Event: 3.149 GC heap before
{Heap before GC invocations=7 (full 1):
 PSYoungGen      total 122368K, used 13636K [0x0000000776180000, 0x0000000783080000, 0x00000007c0000000)
  eden space 113152K, 3% used [0x0000000776180000,0x00000007765d9128,0x000000077d000000)
  from space 9216K, 99% used [0x000000077d000000,0x000000077d8f8068,0x000000077d900000)
  to   space 13824K, 0% used [0x0000000782300000,0x0000000782300000,0x0000000783080000)
 ParOldGen       total 74240K, used 11909K [0x00000006e2400000, 0x00000006e6c80000, 0x0000000776180000)
  object space 74240K, 16% used [0x00000006e2400000,0x00000006e2fa1450,0x00000006e6c80000)
 Metaspace       used 33372K, capacity 35312K, committed 35416K, reserved 1079296K
  class space    used 4536K, capacity 4934K, committed 4992K, reserved 1048576K
Event: 3.153 GC heap after
Heap after GC invocations=7 (full 1):
 PSYoungGen      total 198656K, used 8254K [0x0000000776180000, 0x0000000785000000, 0x00000007c0000000)
  eden space 184832K, 0% used [0x0000000776180000,0x0000000776180000,0x0000000781600000)
  from space 13824K, 59% used [0x0000000782300000,0x0000000782b0f8e0,0x0000000783080000)
  to   space 13312K, 0% used [0x0000000781600000,0x0000000781600000,0x0000000782300000)
 ParOldGen       total 74240K, used 11917K [0x00000006e2400000, 0x00000006e6c80000, 0x0000000776180000)
  object space 74240K, 16% used [0x00000006e2400000,0x00000006e2fa3450,0x00000006e6c80000)
 Metaspace       used 33372K, capacity 35312K, committed 35416K, reserved 1079296K
  class space    used 4536K, capacity 4934K, committed 4992K, reserved 1048576K
}
Event: 3.153 GC heap before
{Heap before GC invocations=8 (full 2):
 PSYoungGen      total 198656K, used 8254K [0x0000000776180000, 0x0000000785000000, 0x00000007c0000000)
  eden space 184832K, 0% used [0x0000000776180000,0x0000000776180000,0x0000000781600000)
  from space 13824K, 59% used [0x0000000782300000,0x0000000782b0f8e0,0x0000000783080000)
  to   space 13312K, 0% used [0x0000000781600000,0x0000000781600000,0x0000000782300000)
 ParOldGen       total 74240K, used 11917K [0x00000006e2400000, 0x00000006e6c80000, 0x0000000776180000)
  object space 74240K, 16% used [0x00000006e2400000,0x00000006e2fa3450,0x00000006e6c80000)
 Metaspace       used 33372K, capacity 35312K, committed 35416K, reserved 1079296K
  class space    used 4536K, capacity 4934K, committed 4992K, reserved 1048576K
Event: 3.175 GC heap after
Heap after GC invocations=8 (full 2):
 PSYoungGen      total 198656K, used 0K [0x0000000776180000, 0x0000000785000000, 0x00000007c0000000)
  eden space 184832K, 0% used [0x0000000776180000,0x0000000776180000,0x0000000781600000)
  from space 13824K, 0% used [0x0000000782300000,0x0000000782300000,0x0000000783080000)
  to   space 13312K, 0% used [0x0000000781600000,0x0000000781600000,0x0000000782300000)
 ParOldGen       total 92672K, used 13804K [0x00000006e2400000, 0x00000006e7e80000, 0x0000000776180000)
  object space 92672K, 14% used [0x00000006e2400000,0x00000006e317b330,0x00000006e7e80000)
 Metaspace       used 33372K, capacity 35312K, committed 35416K, reserved 1079296K
  class space    used 4536K, capacity 4934K, committed 4992K, reserved 1048576K
}
Event: 204.360 GC heap before
{Heap before GC invocations=9 (full 2):
 PSYoungGen      total 198656K, used 184832K [0x0000000776180000, 0x0000000785000000, 0x00000007c0000000)
  eden space 184832K, 100% used [0x0000000776180000,0x0000000781600000,0x0000000781600000)
  from space 13824K, 0% used [0x0000000782300000,0x0000000782300000,0x0000000783080000)
  to   space 13312K, 0% used [0x0000000781600000,0x0000000781600000,0x0000000782300000)
 ParOldGen       total 92672K, used 13804K [0x00000006e2400000, 0x00000006e7e80000, 0x0000000776180000)
  object space 92672K, 14% used [0x00000006e2400000,0x00000006e317b330,0x00000006e7e80000)
 Metaspace       used 45430K, capacity 47998K, committed 48216K, reserved 1091584K
  class space    used 5993K, capacity 6498K, committed 6528K, reserved 1048576K
Event: 204.679 GC heap after
Heap after GC invocations=9 (full 2):
 PSYoungGen      total 198144K, used 13288K [0x0000000776180000, 0x0000000785000000, 0x00000007c0000000)
  eden space 184832K, 0% used [0x0000000776180000,0x0000000776180000,0x0000000781600000)
  from space 13312K, 99% used [0x0000000781600000,0x00000007822fa320,0x0000000782300000)
  to   space 13824K, 0% used [0x0000000782300000,0x0000000782300000,0x0000000783080000)
 ParOldGen       total 92672K, used 26491K [0x00000006e2400000, 0x00000006e7e80000, 0x0000000776180000)
  object space 92672K, 28% used [0x00000006e2400000,0x00000006e3ddecb0,0x00000006e7e80000)
 Metaspace       used 45430K, capacity 47998K, committed 48216K, reserved 1091584K
  class space    used 5993K, capacity 6498K, committed 6528K, reserved 1048576K
}

